2026-02-20 06:39:38 - test_beamforming - INFO - Saved plot to unit test results\session_2026-02-20_06-39-34\beamforming_20Hz_cw.png
2026-02-20 06:39:38 - test_beamforming - INFO - Saved plot to unit test results\session_2026-02-20_06-39-34\beamforming_1000Hz_cw.png
2026-02-20 06:39:40 - test_beamforming - INFO - Saved plot to unit test results\session_2026-02-20_06-39-34\beamforming_15000Hz_cw.png
2026-02-20 06:39:43 - test_beamforming - INFO - Saved plot to unit test results\session_2026-02-20_06-39-34\beamforming_50000Hz_cw.png
2026-02-20 06:39:43 - test_beamforming - INFO - Saved plot to unit test results\session_2026-02-20_06-39-34\beamforming_20Hz_pulsed.png
2026-02-20 06:39:44 - test_beamforming - INFO - Saved plot to unit test results\session_2026-02-20_06-39-34\beamforming_1000Hz_pulsed.png
2026-02-20 06:39:45 - test_beamforming - INFO - Saved plot to unit test results\session_2026-02-20_06-39-34\beamforming_15000Hz_pulsed.png
2026-02-20 06:39:46 - test_beamforming - INFO - Saved plot to unit test results\session_2026-02-20_06-39-34\beamforming_50000Hz_pulsed.png
2026-02-20 06:39:49 - test_dae - INFO - Initial Loss: 0.1889004111289978, Final Loss: 0.015181134454905987
2026-02-20 06:39:49 - test_dae - INFO - Saved DAE plot to unit test results\session_2026-02-20_06-39-34\dae_learning_viz.png
2026-02-20 06:39:49 - test_gcc_phat - INFO - True Samples: [0.  5.5]
2026-02-20 06:39:49 - test_gcc_phat - INFO - Est  Samples: [6.48803494e-20 5.49897565e+00]
2026-02-20 06:39:49 - test_gcc_phat - INFO - Max Error: 0.0010243493544868087
2026-02-20 06:39:49 - test_gcc_phat - INFO - Saved GCC-PHAT plot to unit test results\session_2026-02-20_06-39-34\gcc_phat_cc.png
2026-02-20 06:39:49 - test_linting - INFO - Starting Codebase Linting Check...
2026-02-20 06:39:50 - test_linting - INFO - Linter Output:
Linting src...
All checks passed!

2026-02-20 06:39:50 - test_linting - INFO - Linting Passed.
2026-02-20 06:39:50 - test_losses_viz - INFO - Saved Loss plot to unit test results\session_2026-02-20_06-39-34\loss_visualization.png
2026-02-20 06:39:51 - test_noise - INFO - White Noise PSD Slope: 0.0028 (Expected ~0.0)
2026-02-20 06:39:51 - test_noise - INFO - Saved plot to unit test results\session_2026-02-20_06-39-34\noise_psd_white.png
2026-02-20 06:39:51 - test_noise - INFO - Pink Noise PSD Slope: -1.0004 (Expected ~ -1.0)
2026-02-20 06:39:52 - test_noise - INFO - Saved plot to unit test results\session_2026-02-20_06-39-34\noise_psd_pink.png
2026-02-20 06:39:52 - test_noise - INFO - Brown Noise PSD Slope: -2.0094 (Expected ~ -2.0)
2026-02-20 06:39:53 - test_noise - INFO - Saved plot to unit test results\session_2026-02-20_06-39-34\noise_psd_brown.png
2026-02-20 06:39:53 - test_noise_robustness - INFO - Noise: white, SNR In: 0.04dB, SNR Out: 6.05dB, Gain: 6.01dB
2026-02-20 06:39:54 - test_noise_robustness - INFO - Saved plot to unit test results\session_2026-02-20_06-39-34\robustness_noise_white.png
2026-02-20 06:39:54 - test_noise_robustness - INFO - Noise: pink, SNR In: 0.00dB, SNR Out: 6.77dB, Gain: 6.77dB
2026-02-20 06:39:54 - test_noise_robustness - INFO - Saved plot to unit test results\session_2026-02-20_06-39-34\robustness_noise_pink.png
2026-02-20 06:39:54 - test_noise_robustness - INFO - Noise: rain, SNR In: -0.10dB, SNR Out: 6.10dB, Gain: 6.21dB
2026-02-20 06:39:55 - test_noise_robustness - INFO - Saved plot to unit test results\session_2026-02-20_06-39-34\robustness_noise_rain.png
2026-02-20 06:40:00 - test_unet - INFO - Saved U-Net plot to unit test results\session_2026-02-20_06-39-34\unet_learning_viz.png
